<?xml version="1.0" encoding="UTF-8"?>
<testsuite xmlns:xsi="http://www.w3.org/2001/XMLSchema-instance" xsi:noNamespaceSchemaLocation="https://maven.apache.org/surefire/maven-surefire-plugin/xsd/surefire-test-report-3.0.xsd" version="3.0" name="TestSuite" time="135.867" tests="13" errors="0" skipped="0" failures="0">
  <properties>
[...]
</properties>
  <testcase name="runScenario[&quot;Successfully add a new note&quot;, &quot;Add Note&quot;](1)" classname="runners.TestRunner" time="13.926">
    <system-out><![CDATA[
Scenario Outline: Successfully add a new note                                                            &amp#27;[90m# src/test/resources/features/add_note.feature:22&amp#27;[0m
  &amp#27;[32mGiven &amp#27;[0m&amp#27;[32mI am on the login page&amp#27;[0m                                                                           &amp#27;[90m# stepdefinitions.LoginSteps.i_am_on_the_login_page()&amp#27;[0m
  &amp#27;[32mWhen &amp#27;[0m&amp#27;[32mI enter an email &amp#27;[0m&amp#27;[32m&amp#27;[1m"arjun.korde340@gmail.com"&amp#27;[0m&amp#27;[32m and password &amp#27;[0m&amp#27;[32m&amp#27;[1m"Arjun@123"&amp#27;[0m                              &amp#27;[90m# stepdefinitions.LoginSteps.i_enter_an_email_and_password(java.lang.String,java.lang.String)&amp#27;[0m
  &amp#27;[32mAnd &amp#27;[0m&amp#27;[32mI click the login button&amp#27;[0m                                                                           &amp#27;[90m# stepdefinitions.LoginSteps.i_click_the_login_button()&amp#27;[0m
  &amp#27;[32mThen &amp#27;[0m&amp#27;[32mI should be successfully logged in&amp#27;[0m                                                                &amp#27;[90m# stepdefinitions.LoginSteps.i_should_be_successfully_logged_in()&amp#27;[0m
  &amp#27;[32mWhen &amp#27;[0m&amp#27;[32mI click the Add Note button&amp#27;[0m                                                                       &amp#27;[90m# stepdefinitions.AddNoteSteps.i_click_the_add_note_button()&amp#27;[0m
  &amp#27;[32mAnd &amp#27;[0m&amp#27;[32mI select the category &amp#27;[0m&amp#27;[32m&amp#27;[1m"Personal"&amp#27;[0m                                                                   &amp#27;[90m# stepdefinitions.AddNoteSteps.i_select_the_category(java.lang.String)&amp#27;[0m
  &amp#27;[32mAnd &amp#27;[0m&amp#27;[32mI enter the title &amp#27;[0m&amp#27;[32m&amp#27;[1m"Capstone Automation"&amp#27;[0m&amp#27;[32m and description &amp#27;[0m&amp#27;[32m&amp#27;[1m"Automating the Notes App using Selenium."&amp#27;[0m &amp#27;[90m# stepdefinitions.AddNoteSteps.i_enter_the_title_and_description(java.lang.String,java.lang.String)&amp#27;[0m
  &amp#27;[32mAnd &amp#27;[0m&amp#27;[32mI check the completed checkbox&amp#27;[0m                                                                     &amp#27;[90m# stepdefinitions.AddNoteSteps.i_check_the_completed_checkbox()&amp#27;[0m
  &amp#27;[32mAnd &amp#27;[0m&amp#27;[32mI click the Create Note button&amp#27;[0m                                                                     &amp#27;[90m# stepdefinitions.AddNoteSteps.i_click_the_create_note_button()&amp#27;[0m
  &amp#27;[32mThen &amp#27;[0m&amp#27;[32mthe note modal should be closed successfully&amp#27;[0m                                                      &amp#27;[90m# stepdefinitions.AddNoteSteps.the_note_modal_should_be_closed_successfully()&amp#27;[0m
]]></system-out>
    <system-err><![CDATA[SLF4J: Failed to load class "org.slf4j.impl.StaticLoggerBinder".
SLF4J: Defaulting to no-operation (NOP) logger implementation
SLF4J: See http://www.slf4j.org/codes.html#StaticLoggerBinder for further details.
Jun 01, 2026 5:20:26 PM org.openqa.selenium.remote.tracing.opentelemetry.OpenTelemetryTracer createTracer
INFO: Using OpenTelemetry for tracing
]]></system-err>
  </testcase>
  <testcase name="runScenario[&quot;Successfully add a new note&quot;, &quot;Add Note&quot;](2)" classname="runners.TestRunner" time="8.486">
    <system-out><![CDATA[
Scenario Outline: Successfully add a new note                                                      &amp#27;[90m# src/test/resources/features/add_note.feature:23&amp#27;[0m
  &amp#27;[32mGiven &amp#27;[0m&amp#27;[32mI am on the login page&amp#27;[0m                                                                     &amp#27;[90m# stepdefinitions.LoginSteps.i_am_on_the_login_page()&amp#27;[0m
  &amp#27;[32mWhen &amp#27;[0m&amp#27;[32mI enter an email &amp#27;[0m&amp#27;[32m&amp#27;[1m"arjun.korde340@gmail.com"&amp#27;[0m&amp#27;[32m and password &amp#27;[0m&amp#27;[32m&amp#27;[1m"Arjun@123"&amp#27;[0m                        &amp#27;[90m# stepdefinitions.LoginSteps.i_enter_an_email_and_password(java.lang.String,java.lang.String)&amp#27;[0m
  &amp#27;[32mAnd &amp#27;[0m&amp#27;[32mI click the login button&amp#27;[0m                                                                     &amp#27;[90m# stepdefinitions.LoginSteps.i_click_the_login_button()&amp#27;[0m
  &amp#27;[32mThen &amp#27;[0m&amp#27;[32mI should be successfully logged in&amp#27;[0m                                                          &amp#27;[90m# stepdefinitions.LoginSteps.i_should_be_successfully_logged_in()&amp#27;[0m
  &amp#27;[32mWhen &amp#27;[0m&amp#27;[32mI click the Add Note button&amp#27;[0m                                                                 &amp#27;[90m# stepdefinitions.AddNoteSteps.i_click_the_add_note_button()&amp#27;[0m
  &amp#27;[32mAnd &amp#27;[0m&amp#27;[32mI select the category &amp#27;[0m&amp#27;[32m&amp#27;[1m"Work"&amp#27;[0m                                                                 &amp#27;[90m# stepdefinitions.AddNoteSteps.i_select_the_category(java.lang.String)&amp#27;[0m
  &amp#27;[32mAnd &amp#27;[0m&amp#27;[32mI enter the title &amp#27;[0m&amp#27;[32m&amp#27;[1m"Meeting Notes"&amp#27;[0m&amp#27;[32m and description &amp#27;[0m&amp#27;[32m&amp#27;[1m"Discuss sprint planning and CI/CD setup."&amp#27;[0m &amp#27;[90m# stepdefinitions.AddNoteSteps.i_enter_the_title_and_description(java.lang.String,java.lang.String)&amp#27;[0m
  &amp#27;[32mAnd &amp#27;[0m&amp#27;[32mI check the completed checkbox&amp#27;[0m                                                               &amp#27;[90m# stepdefinitions.AddNoteSteps.i_check_the_completed_checkbox()&amp#27;[0m
  &amp#27;[32mAnd &amp#27;[0m&amp#27;[32mI click the Create Note button&amp#27;[0m                                                               &amp#27;[90m# stepdefinitions.AddNoteSteps.i_click_the_create_note_button()&amp#27;[0m
  &amp#27;[32mThen &amp#27;[0m&amp#27;[32mthe note modal should be closed successfully&amp#27;[0m                                                &amp#27;[90m# stepdefinitions.AddNoteSteps.the_note_modal_should_be_closed_successfully()&amp#27;[0m
]]></system-out>
  </testcase>
  <testcase name="runScenario[&quot;Register a new user via API&quot;, &quot;API Authentication and User Management&quot;](3)" classname="runners.TestRunner" time="8.11">
    <system-out><![CDATA[
Scenario: Register a new user via API                                         &amp#27;[90m# src/test/resources/features/api_auth.feature:3&amp#27;[0m
  &amp#27;[32mGiven &amp#27;[0m&amp#27;[32mthe API base URL is &amp#27;[0m&amp#27;[32m&amp#27;[1m"https://practice.expandtesting.com/notes/api"&amp#27;[0m    &amp#27;[90m# stepdefinitions.AuthApiSteps.the_api_base_url_is(java.lang.String)&amp#27;[0m
  &amp#27;[32mWhen &amp#27;[0m&amp#27;[32mI send a POST request to &amp#27;[0m&amp#27;[32m&amp#27;[1m"/users/register"&amp#27;[0m&amp#27;[32m with the following details:&amp#27;[0m &amp#27;[90m# stepdefinitions.AuthApiSteps.i_send_a_post_request_to_register(java.lang.String,io.cucumber.datatable.DataTable)&amp#27;[0m
    | name        | email                    | password  |
    | Arjun Korde | arjun.korde.api@test.com | Test@1234 |
  &amp#27;[32mThen &amp#27;[0m&amp#27;[32mthe API response status code should be &amp#27;[0m&amp#27;[32m&amp#27;[1m201&amp#27;[0m                             &amp#27;[90m# stepdefinitions.AuthApiSteps.the_api_response_status_code_should_be(int)&amp#27;[0m
  &amp#27;[32mAnd &amp#27;[0m&amp#27;[32mthe API response should contain &amp#27;[0m&amp#27;[32m&amp#27;[1m"User account created successfully"&amp#27;[0m     &amp#27;[90m# stepdefinitions.AuthApiSteps.the_api_response_should_contain(java.lang.String)&amp#27;[0m
]]></system-out>
  </testcase>
  <testcase name="runScenario[&quot;Login successfully via API&quot;, &quot;API Authentication and User Management&quot;](4)" classname="runners.TestRunner" time="4.03">
    <system-out><![CDATA[
Scenario: Login successfully via API                                           &amp#27;[90m# src/test/resources/features/api_auth.feature:11&amp#27;[0m
  &amp#27;[32mGiven &amp#27;[0m&amp#27;[32mthe API base URL is &amp#27;[0m&amp#27;[32m&amp#27;[1m"https://practice.expandtesting.com/notes/api"&amp#27;[0m     &amp#27;[90m# stepdefinitions.AuthApiSteps.the_api_base_url_is(java.lang.String)&amp#27;[0m
  &amp#27;[32mWhen &amp#27;[0m&amp#27;[32mI send a POST request to &amp#27;[0m&amp#27;[32m&amp#27;[1m"/users/login"&amp#27;[0m&amp#27;[32m with the following credentials:&amp#27;[0m &amp#27;[90m# stepdefinitions.AuthApiSteps.i_send_a_post_request_to_login(java.lang.String,io.cucumber.datatable.DataTable)&amp#27;[0m
    | email                    | password  |
    | arjun.korde.api@test.com | Test@1234 |
  &amp#27;[32mThen &amp#27;[0m&amp#27;[32mthe API response status code should be &amp#27;[0m&amp#27;[32m&amp#27;[1m200&amp#27;[0m                              &amp#27;[90m# stepdefinitions.AuthApiSteps.the_api_response_status_code_should_be(int)&amp#27;[0m
  &amp#27;[32mAnd &amp#27;[0m&amp#27;[32mI extract the auth token from the response&amp#27;[0m                               &amp#27;[90m# stepdefinitions.AuthApiSteps.i_extract_the_auth_token_from_the_response()&amp#27;[0m
]]></system-out>
  </testcase>
  <testcase name="runScenario[&quot;Delete user account successfully via API&quot;, &quot;API Authentication and User Management&quot;](5)" classname="runners.TestRunner" time="2.191">
    <system-out><![CDATA[
Scenario: Delete user account successfully via API                                                    &amp#27;[90m# src/test/resources/features/api_auth.feature:19&amp#27;[0m
  &amp#27;[32mGiven &amp#27;[0m&amp#27;[32mI am an authenticated API user with email &amp#27;[0m&amp#27;[32m&amp#27;[1m"arjun.korde.api@test.com"&amp#27;[0m&amp#27;[32m and password &amp#27;[0m&amp#27;[32m&amp#27;[1m"Test@1234"&amp#27;[0m &amp#27;[90m# stepdefinitions.AuthApiSteps.i_am_an_authenticated_api_user(java.lang.String,java.lang.String)&amp#27;[0m
  &amp#27;[32mWhen &amp#27;[0m&amp#27;[32mI send a DELETE request to &amp#27;[0m&amp#27;[32m&amp#27;[1m"/users/delete-account"&amp#27;[0m                                             &amp#27;[90m# stepdefinitions.AuthApiSteps.i_send_a_delete_request_to(java.lang.String)&amp#27;[0m
  &amp#27;[32mThen &amp#27;[0m&amp#27;[32mthe API response status code should be &amp#27;[0m&amp#27;[32m&amp#27;[1m200&amp#27;[0m                                                     &amp#27;[90m# stepdefinitions.AuthApiSteps.the_api_response_status_code_should_be(int)&amp#27;[0m
  &amp#27;[32mAnd &amp#27;[0m&amp#27;[32mthe API response should contain &amp#27;[0m&amp#27;[32m&amp#27;[1m"Account successfully deleted"&amp#27;[0m                                  &amp#27;[90m# stepdefinitions.AuthApiSteps.the_api_response_should_contain(java.lang.String)&amp#27;[0m
]]></system-out>
  </testcase>
  <testcase name="runScenario[&quot;Add a new note successfully via API&quot;, &quot;API Notes Management&quot;](6)" classname="runners.TestRunner" time="2.036">
    <system-out><![CDATA[
Scenario: Add a new note successfully via API                                                        &amp#27;[90m# src/test/resources/features/api_notes.feature:6&amp#27;[0m
  &amp#27;[32mGiven &amp#27;[0m&amp#27;[32mI am an authenticated API user with email &amp#27;[0m&amp#27;[32m&amp#27;[1m"arjun.korde34@gmail.com"&amp#27;[0m&amp#27;[32m and password &amp#27;[0m&amp#27;[32m&amp#27;[1m"Arjun@123"&amp#27;[0m &amp#27;[90m# stepdefinitions.AuthApiSteps.i_am_an_authenticated_api_user(java.lang.String,java.lang.String)&amp#27;[0m
  &amp#27;[32mWhen &amp#27;[0m&amp#27;[32mI send a POST request to &amp#27;[0m&amp#27;[32m&amp#27;[1m"/notes"&amp#27;[0m&amp#27;[32m with the following note details:&amp#27;[0m                            &amp#27;[90m# stepdefinitions.NotesApiSteps.i_send_a_post_request_to_notes(java.lang.String,io.cucumber.datatable.DataTable)&amp#27;[0m
    | title               | description                               | category |
    | Supercapacitor Test | Voltage starting at 17% for functionality | Work     |
  &amp#27;[32mThen &amp#27;[0m&amp#27;[32mthe API response status code should be &amp#27;[0m&amp#27;[32m&amp#27;[1m200&amp#27;[0m                                                    &amp#27;[90m# stepdefinitions.AuthApiSteps.the_api_response_status_code_should_be(int)&amp#27;[0m
  &amp#27;[32mAnd &amp#27;[0m&amp#27;[32mI extract the note ID from the response&amp#27;[0m                                                        &amp#27;[90m# stepdefinitions.NotesApiSteps.i_extract_the_note_id_from_the_response()&amp#27;[0m
  &amp#27;[32mAnd &amp#27;[0m&amp#27;[32mthe API response should contain &amp#27;[0m&amp#27;[32m&amp#27;[1m"Note successfully created"&amp#27;[0m                                    &amp#27;[90m# stepdefinitions.AuthApiSteps.the_api_response_should_contain(java.lang.String)&amp#27;[0m
]]></system-out>
  </testcase>
  <testcase name="runScenario[&quot;Retrieve an existing note via API&quot;, &quot;API Notes Management&quot;](7)" classname="runners.TestRunner" time="2.476">
    <system-out><![CDATA[
Scenario: Retrieve an existing note via API                                                                                                 &amp#27;[90m# src/test/resources/features/api_notes.feature:14&amp#27;[0m
  &amp#27;[32mGiven &amp#27;[0m&amp#27;[32mI am an authenticated API user with email &amp#27;[0m&amp#27;[32m&amp#27;[1m"arjun.korde34@gmail.com"&amp#27;[0m&amp#27;[32m and password &amp#27;[0m&amp#27;[32m&amp#27;[1m"Arjun@123"&amp#27;[0m                                        &amp#27;[90m# stepdefinitions.AuthApiSteps.i_am_an_authenticated_api_user(java.lang.String,java.lang.String)&amp#27;[0m
  &amp#27;[32mGiven &amp#27;[0m&amp#27;[32mI have created a note with title &amp#27;[0m&amp#27;[32m&amp#27;[1m"Smart Plant Guardian"&amp#27;[0m&amp#27;[32m, description &amp#27;[0m&amp#27;[32m&amp#27;[1m"ESP32 moisture sensor project setup"&amp#27;[0m&amp#27;[32m, category &amp#27;[0m&amp#27;[32m&amp#27;[1m"Home"&amp#27;[0m&amp#27;[32m via API&amp#27;[0m &amp#27;[90m# stepdefinitions.NotesApiSteps.i_have_created_a_note(java.lang.String,java.lang.String,java.lang.String)&amp#27;[0m
  &amp#27;[32mWhen &amp#27;[0m&amp#27;[32mI send a GET request to &amp#27;[0m&amp#27;[32m&amp#27;[1m"/notes"&amp#27;[0m&amp#27;[32m for the created note ID&amp#27;[0m                                                                             &amp#27;[90m# stepdefinitions.NotesApiSteps.i_send_a_get_request_for_note_id(java.lang.String)&amp#27;[0m
  &amp#27;[32mThen &amp#27;[0m&amp#27;[32mthe API response status code should be &amp#27;[0m&amp#27;[32m&amp#27;[1m200&amp#27;[0m                                                                                           &amp#27;[90m# stepdefinitions.AuthApiSteps.the_api_response_status_code_should_be(int)&amp#27;[0m
  &amp#27;[32mAnd &amp#27;[0m&amp#27;[32mthe API response should contain the note title &amp#27;[0m&amp#27;[32m&amp#27;[1m"Smart Plant Guardian"&amp#27;[0m                                                                 &amp#27;[90m# stepdefinitions.NotesApiSteps.the_api_response_should_contain_the_note_title(java.lang.String)&amp#27;[0m
]]></system-out>
  </testcase>
  <testcase name="runScenario[&quot;Delete a note successfully via API&quot;, &quot;API Notes Management&quot;](8)" classname="runners.TestRunner" time="2.284">
    <system-out><![CDATA[
Scenario: Delete a note successfully via API                                                                   &amp#27;[90m# src/test/resources/features/api_notes.feature:20&amp#27;[0m
  &amp#27;[32mGiven &amp#27;[0m&amp#27;[32mI am an authenticated API user with email &amp#27;[0m&amp#27;[32m&amp#27;[1m"arjun.korde34@gmail.com"&amp#27;[0m&amp#27;[32m and password &amp#27;[0m&amp#27;[32m&amp#27;[1m"Arjun@123"&amp#27;[0m           &amp#27;[90m# stepdefinitions.AuthApiSteps.i_am_an_authenticated_api_user(java.lang.String,java.lang.String)&amp#27;[0m
  &amp#27;[32mGiven &amp#27;[0m&amp#27;[32mI have created a note with title &amp#27;[0m&amp#27;[32m&amp#27;[1m"Temp Note"&amp#27;[0m&amp#27;[32m, description &amp#27;[0m&amp#27;[32m&amp#27;[1m"To be deleted"&amp#27;[0m&amp#27;[32m, category &amp#27;[0m&amp#27;[32m&amp#27;[1m"Personal"&amp#27;[0m&amp#27;[32m via API&amp#27;[0m &amp#27;[90m# stepdefinitions.NotesApiSteps.i_have_created_a_note(java.lang.String,java.lang.String,java.lang.String)&amp#27;[0m
  &amp#27;[32mWhen &amp#27;[0m&amp#27;[32mI send a DELETE request to &amp#27;[0m&amp#27;[32m&amp#27;[1m"/notes"&amp#27;[0m&amp#27;[32m for the created note ID&amp#27;[0m                                             &amp#27;[90m# stepdefinitions.NotesApiSteps.i_send_a_delete_request_for_note_id(java.lang.String)&amp#27;[0m
  &amp#27;[32mThen &amp#27;[0m&amp#27;[32mthe API response status code should be &amp#27;[0m&amp#27;[32m&amp#27;[1m200&amp#27;[0m                                                              &amp#27;[90m# stepdefinitions.AuthApiSteps.the_api_response_status_code_should_be(int)&amp#27;[0m
  &amp#27;[32mAnd &amp#27;[0m&amp#27;[32mthe API response should contain &amp#27;[0m&amp#27;[32m&amp#27;[1m"Note successfully deleted"&amp#27;[0m                                              &amp#27;[90m# stepdefinitions.AuthApiSteps.the_api_response_should_contain(java.lang.String)&amp#27;[0m
]]></system-out>
  </testcase>
  <testcase name="runScenario[&quot;Successful user registration&quot;, &quot;User Registration&quot;](9)" classname="runners.TestRunner" time="6.561">
    <system-out><![CDATA[
Scenario Outline: Successful user registration                                                                              &amp#27;[90m# src/test/resources/features/bregister.feature:14&amp#27;[0m
  &amp#27;[32mGiven &amp#27;[0m&amp#27;[32mI am on the registration page&amp#27;[0m                                                                                       &amp#27;[90m# stepdefinitions.RegisterSteps.i_am_on_the_registration_page()&amp#27;[0m
  &amp#27;[32mWhen &amp#27;[0m&amp#27;[32mI enter name &amp#27;[0m&amp#27;[32m&amp#27;[1m"Arjun Korde"&amp#27;[0m&amp#27;[32m, email &amp#27;[0m&amp#27;[32m&amp#27;[1m"arjun.test14588@gmail.com"&amp#27;[0m&amp#27;[32m, password &amp#27;[0m&amp#27;[32m&amp#27;[1m"Arjun@123"&amp#27;[0m&amp#27;[32m and confirm password &amp#27;[0m&amp#27;[32m&amp#27;[1m"Arjun@123"&amp#27;[0m &amp#27;[90m# stepdefinitions.RegisterSteps.i_enter_registration_details(java.lang.String,java.lang.String,java.lang.String,java.lang.String)&amp#27;[0m
  &amp#27;[32mAnd &amp#27;[0m&amp#27;[32mI click the register button&amp#27;[0m                                                                                           &amp#27;[90m# stepdefinitions.RegisterSteps.i_click_the_register_button()&amp#27;[0m
  &amp#27;[32mThen &amp#27;[0m&amp#27;[32mI should be successfully registered&amp#27;[0m                                                                                  &amp#27;[90m# stepdefinitions.RegisterSteps.i_should_be_successfully_registered()&amp#27;[0m
]]></system-out>
  </testcase>
  <testcase name="runScenario[&quot;Create note via API, verify and delete via UI, confirm deletion via API&quot;, &quot;Comprehensive Hybrid End-to-End Note Lifecycle&quot;](10)" classname="runners.TestRunner" time="8.942">
    <system-out><![CDATA[
@hybrid
Scenario: Create note via API, verify and delete via UI, confirm deletion via API                                         &amp#27;[90m# src/test/resources/features/comprehensive_hybrid.feature:7&amp#27;[0m
  &amp#27;[32mGiven &amp#27;[0m&amp#27;[32mI authenticate via API with email &amp#27;[0m&amp#27;[32m&amp#27;[1m"arjun.korde3@gmail.com"&amp#27;[0m&amp#27;[32m and password &amp#27;[0m&amp#27;[32m&amp#27;[1m"Arjun@123"&amp#27;[0m                               &amp#27;[90m# stepdefinitions.ComprehensiveHybridSteps.i_authenticate_via_api(java.lang.String,java.lang.String)&amp#27;[0m
  &amp#27;[32mAnd &amp#27;[0m&amp#27;[32mI create a note via API with title &amp#27;[0m&amp#27;[32m&amp#27;[1m"E2E Hybrid Test Note"&amp#27;[0m&amp#27;[32m, description &amp#27;[0m&amp#27;[32m&amp#27;[1m"Verifying UI and API sync"&amp#27;[0m&amp#27;[32m, category &amp#27;[0m&amp#27;[32m&amp#27;[1m"Work"&amp#27;[0m &amp#27;[90m# stepdefinitions.ComprehensiveHybridSteps.i_create_a_note_via_api(java.lang.String,java.lang.String,java.lang.String)&amp#27;[0m
  &amp#27;[32mWhen &amp#27;[0m&amp#27;[32mI navigate to the application and log in with email &amp#27;[0m&amp#27;[32m&amp#27;[1m"arjun.korde3@gmail.com"&amp#27;[0m&amp#27;[32m and password &amp#27;[0m&amp#27;[32m&amp#27;[1m"Arjun@123"&amp#27;[0m              &amp#27;[90m# stepdefinitions.ComprehensiveHybridSteps.i_navigate_and_log_in_ui(java.lang.String,java.lang.String)&amp#27;[0m
  &amp#27;[32mThen &amp#27;[0m&amp#27;[32mI should see the note titled &amp#27;[0m&amp#27;[32m&amp#27;[1m"E2E Hybrid Test Note"&amp#27;[0m&amp#27;[32m on the UI dashboard&amp#27;[0m                                            &amp#27;[90m# stepdefinitions.ComprehensiveHybridSteps.i_should_see_note_on_ui(java.lang.String)&amp#27;[0m
  &amp#27;[32mWhen &amp#27;[0m&amp#27;[32mI delete the note titled &amp#27;[0m&amp#27;[32m&amp#27;[1m"E2E Hybrid Test Note"&amp#27;[0m&amp#27;[32m via the UI&amp#27;[0m                                                         &amp#27;[90m# stepdefinitions.ComprehensiveHybridSteps.i_delete_the_note_via_ui(java.lang.String)&amp#27;[0m
  &amp#27;[32mThen &amp#27;[0m&amp#27;[32mI verify via API that the created note no longer exists&amp#27;[0m                                                            &amp#27;[90m# stepdefinitions.ComprehensiveHybridSteps.i_verify_via_api_note_deleted()&amp#27;[0m
]]></system-out>
  </testcase>
  <testcase name="runScenario[&quot;Successfully delete user account&quot;, &quot;Delete Account&quot;](11)" classname="runners.TestRunner" time="56.754">
    <system-out><![CDATA[
Scenario: Successfully delete user account                                       &amp#27;[90m# src/test/resources/features/delete_account.feature:13&amp#27;[0m
  &amp#27;[32mGiven &amp#27;[0m&amp#27;[32mI am on the login page&amp#27;[0m                                                   &amp#27;[90m# stepdefinitions.LoginSteps.i_am_on_the_login_page()&amp#27;[0m
  &amp#27;[32mWhen &amp#27;[0m&amp#27;[32mI enter an email &amp#27;[0m&amp#27;[32m&amp#27;[1m"arjun.test14588@gmail.com"&amp#27;[0m&amp#27;[32m and password &amp#27;[0m&amp#27;[32m&amp#27;[1m"Arjun@123  "&amp#27;[0m   &amp#27;[90m# stepdefinitions.LoginSteps.i_enter_an_email_and_password(java.lang.String,java.lang.String)&amp#27;[0m
  &amp#27;[32mAnd &amp#27;[0m&amp#27;[32mI click the login button&amp#27;[0m                                                   &amp#27;[90m# stepdefinitions.LoginSteps.i_click_the_login_button()&amp#27;[0m
  &amp#27;[32mThen &amp#27;[0m&amp#27;[32mI should be successfully logged in&amp#27;[0m                                        &amp#27;[90m# stepdefinitions.LoginSteps.i_should_be_successfully_logged_in()&amp#27;[0m
  &amp#27;[32mWhen &amp#27;[0m&amp#27;[32mI navigate to the Profile page&amp#27;[0m                                            &amp#27;[90m# stepdefinitions.DeleteAccountSteps.i_navigate_to_the_profile_page()&amp#27;[0m
  &amp#27;[32mAnd &amp#27;[0m&amp#27;[32mI click the Delete Account button&amp#27;[0m                                          &amp#27;[90m# stepdefinitions.DeleteAccountSteps.i_click_the_delete_account_button()&amp#27;[0m
  &amp#27;[32mAnd &amp#27;[0m&amp#27;[32mI confirm the deletion in the modal&amp#27;[0m                                        &amp#27;[90m# stepdefinitions.DeleteAccountSteps.i_confirm_the_deletion_in_the_modal()&amp#27;[0m
  &amp#27;[32mThen &amp#27;[0m&amp#27;[32mmy account should be deleted and I should be redirected to the login page&amp#27;[0m &amp#27;[90m# stepdefinitions.DeleteAccountSteps.my_account_should_be_deleted_and_redirected()&amp#27;[0m
]]></system-out>
  </testcase>
  <testcase name="runScenario[&quot;Successful login with valid credentials&quot;, &quot;User Login&quot;](12)" classname="runners.TestRunner" time="6.559">
    <system-out><![CDATA[
Scenario Outline: Successful login with valid credentials                   &amp#27;[90m# src/test/resources/features/login.feature:14&amp#27;[0m
  &amp#27;[32mGiven &amp#27;[0m&amp#27;[32mI am on the login page&amp#27;[0m                                              &amp#27;[90m# stepdefinitions.LoginSteps.i_am_on_the_login_page()&amp#27;[0m
  &amp#27;[32mWhen &amp#27;[0m&amp#27;[32mI enter an email &amp#27;[0m&amp#27;[32m&amp#27;[1m"arjun.korde340@gmail.com"&amp#27;[0m&amp#27;[32m and password &amp#27;[0m&amp#27;[32m&amp#27;[1m"Arjun@123"&amp#27;[0m &amp#27;[90m# stepdefinitions.LoginSteps.i_enter_an_email_and_password(java.lang.String,java.lang.String)&amp#27;[0m
  &amp#27;[32mAnd &amp#27;[0m&amp#27;[32mI click the login button&amp#27;[0m                                              &amp#27;[90m# stepdefinitions.LoginSteps.i_click_the_login_button()&amp#27;[0m
  &amp#27;[32mThen &amp#27;[0m&amp#27;[32mI should be successfully logged in&amp#27;[0m                                   &amp#27;[90m# stepdefinitions.LoginSteps.i_should_be_successfully_logged_in()&amp#27;[0m
]]></system-out>
  </testcase>
  <testcase name="runScenario[&quot;Successfully update phone number and company name&quot;, &quot;Update User Settings&quot;](13)" classname="runners.TestRunner" time="11.231">
    <system-out><![CDATA[
Scenario: Successfully update phone number and company name                       &amp#27;[90m# src/test/resources/features/update_user_settings.feature:12&amp#27;[0m
  &amp#27;[32mGiven &amp#27;[0m&amp#27;[32mI am on the login page&amp#27;[0m                                                    &amp#27;[90m# stepdefinitions.LoginSteps.i_am_on_the_login_page()&amp#27;[0m
  &amp#27;[32mWhen &amp#27;[0m&amp#27;[32mI enter an email &amp#27;[0m&amp#27;[32m&amp#27;[1m"arjun.korde340@gmail.com"&amp#27;[0m&amp#27;[32m and password &amp#27;[0m&amp#27;[32m&amp#27;[1m"Arjun@123"&amp#27;[0m       &amp#27;[90m# stepdefinitions.LoginSteps.i_enter_an_email_and_password(java.lang.String,java.lang.String)&amp#27;[0m
  &amp#27;[32mAnd &amp#27;[0m&amp#27;[32mI click the login button&amp#27;[0m                                                    &amp#27;[90m# stepdefinitions.LoginSteps.i_click_the_login_button()&amp#27;[0m
  &amp#27;[32mThen &amp#27;[0m&amp#27;[32mI should be successfully logged in&amp#27;[0m                                         &amp#27;[90m# stepdefinitions.LoginSteps.i_should_be_successfully_logged_in()&amp#27;[0m
  &amp#27;[32mWhen &amp#27;[0m&amp#27;[32mI navigate to the User Settings page&amp#27;[0m                                       &amp#27;[90m# stepdefinitions.UserSettingsSteps.i_navigate_to_the_user_settings_page()&amp#27;[0m
  &amp#27;[32mAnd &amp#27;[0m&amp#27;[32mI enter new phone number &amp#27;[0m&amp#27;[32m&amp#27;[1m"9876543210"&amp#27;[0m&amp#27;[32m and new company name &amp#27;[0m&amp#27;[32m&amp#27;[1m"Expand Testing"&amp#27;[0m &amp#27;[90m# stepdefinitions.UserSettingsSteps.i_enter_new_phone_number_and_new_company_name(java.lang.String,java.lang.String)&amp#27;[0m
  &amp#27;[32mAnd &amp#27;[0m&amp#27;[32mI click the Update Profile settings button&amp#27;[0m                                  &amp#27;[90m# stepdefinitions.UserSettingsSteps.i_click_the_update_profile_settings_button()&amp#27;[0m
User settings were updated successfully!
  &amp#27;[32mThen &amp#27;[0m&amp#27;[32mmy user settings should be updated successfully&amp#27;[0m                            &amp#27;[90m# stepdefinitions.UserSettingsSteps.my_user_settings_should_be_updated_successfully()&amp#27;[0m
]]></system-out>
  </testcase>
</testsuite>