<?xml version="1.0" encoding="UTF-8"?>
<testng-results ignored="0" total="13" passed="13" failed="0" skipped="0">
  <reporter-output>
  </reporter-output>
  <suite started-at="2026-06-01T17:20:24 IST" name="Surefire suite" finished-at="2026-06-01T17:22:39 IST" duration-ms="135143">
    <groups>
      <group name="cucumber">
        <method signature="AbstractTestNGCucumberTests.runScenario(io.cucumber.testng.PickleWrapper,io.cucumber.testng.FeatureWrapper)[pri:0, instance:runners.TestRunner@68ad99fe]" name="runScenario" class="io.cucumber.testng.AbstractTestNGCucumberTests"/>
      </group> <!-- cucumber -->
    </groups>
    <test started-at="2026-06-01T17:20:24 IST" name="Surefire test" finished-at="2026-06-01T17:22:39 IST" duration-ms="135143">
      <class name="runners.TestRunner">
        <test-method is-config="true" signature="setUpClass(org.testng.ITestContext)[pri:0, instance:runners.TestRunner@68ad99fe]" started-at="2026-06-01T17:20:24 IST" name="setUpClass" finished-at="2026-06-01T17:20:25 IST" duration-ms="1452" status="PASS">
          <params>
            <param index="0">
              <value>
                <![CDATA[org.testng.TestRunner@6d8c1584]]>
              </value>
            </param>
          </params>
          <reporter-output>
          </reporter-output>
        </test-method> <!-- setUpClass -->
        <test-method signature="runScenario(io.cucumber.testng.PickleWrapper,io.cucumber.testng.FeatureWrapper)[pri:0, instance:runners.TestRunner@68ad99fe]" started-at="2026-06-01T17:20:25 IST" name="runScenario" description="Runs Cucumber Scenarios" data-provider="scenarios" finished-at="2026-06-01T17:20:39 IST" duration-ms="13913" status="PASS">
          <params>
            <param index="0">
              <value>
                <![CDATA["Successfully add a new note"]]>
              </value>
            </param>
            <param index="1">
              <value>
                <![CDATA["Add Note"]]>
              </value>
            </param>
          </params>
          <reporter-output>
          </reporter-output>
        </test-method> <!-- runScenario -->
        <test-method signature="runScenario(io.cucumber.testng.PickleWrapper,io.cucumber.testng.FeatureWrapper)[pri:0, instance:runners.TestRunner@68ad99fe]" started-at="2026-06-01T17:20:39 IST" name="runScenario" description="Runs Cucumber Scenarios" data-provider="scenarios" finished-at="2026-06-01T17:20:48 IST" duration-ms="8488" status="PASS">
          <params>
            <param index="0">
              <value>
                <![CDATA["Successfully add a new note"]]>
              </value>
            </param>
            <param index="1">
              <value>
                <![CDATA["Add Note"]]>
              </value>
            </param>
          </params>
          <reporter-output>
          </reporter-output>
        </test-method> <!-- runScenario -->
        <test-method signature="runScenario(io.cucumber.testng.PickleWrapper,io.cucumber.testng.FeatureWrapper)[pri:0, instance:runners.TestRunner@68ad99fe]" started-at="2026-06-01T17:20:48 IST" name="runScenario" description="Runs Cucumber Scenarios" data-provider="scenarios" finished-at="2026-06-01T17:20:56 IST" duration-ms="8109" status="PASS">
          <params>
            <param index="0">
              <value>
                <![CDATA["Register a new user via API"]]>
              </value>
            </param>
            <param index="1">
              <value>
                <![CDATA["API Authentication and User Management"]]>
              </value>
            </param>
          </params>
          <reporter-output>
          </reporter-output>
        </test-method> <!-- runScenario -->
        <test-method signature="runScenario(io.cucumber.testng.PickleWrapper,io.cucumber.testng.FeatureWrapper)[pri:0, instance:runners.TestRunner@68ad99fe]" started-at="2026-06-01T17:20:56 IST" name="runScenario" description="Runs Cucumber Scenarios" data-provider="scenarios" finished-at="2026-06-01T17:21:00 IST" duration-ms="4030" status="PASS">
          <params>
            <param index="0">
              <value>
                <![CDATA["Login successfully via API"]]>
              </value>
            </param>
            <param index="1">
              <value>
                <![CDATA["API Authentication and User Management"]]>
              </value>
            </param>
          </params>
          <reporter-output>
          </reporter-output>
        </test-method> <!-- runScenario -->
        <test-method signature="runScenario(io.cucumber.testng.PickleWrapper,io.cucumber.testng.FeatureWrapper)[pri:0, instance:runners.TestRunner@68ad99fe]" started-at="2026-06-01T17:21:00 IST" name="runScenario" description="Runs Cucumber Scenarios" data-provider="scenarios" finished-at="2026-06-01T17:21:02 IST" duration-ms="2192" status="PASS">
          <params>
            <param index="0">
              <value>
                <![CDATA["Delete user account successfully via API"]]>
              </value>
            </param>
            <param index="1">
              <value>
                <![CDATA["API Authentication and User Management"]]>
              </value>
            </param>
          </params>
          <reporter-output>
          </reporter-output>
        </test-method> <!-- runScenario -->
        <test-method signature="runScenario(io.cucumber.testng.PickleWrapper,io.cucumber.testng.FeatureWrapper)[pri:0, instance:runners.TestRunner@68ad99fe]" started-at="2026-06-01T17:21:02 IST" name="runScenario" description="Runs Cucumber Scenarios" data-provider="scenarios" finished-at="2026-06-01T17:21:04 IST" duration-ms="2037" status="PASS">
          <params>
            <param index="0">
              <value>
                <![CDATA["Add a new note successfully via API"]]>
              </value>
            </param>
            <param index="1">
              <value>
                <![CDATA["API Notes Management"]]>
              </value>
            </param>
          </params>
          <reporter-output>
          </reporter-output>
        </test-method> <!-- runScenario -->
        <test-method signature="runScenario(io.cucumber.testng.PickleWrapper,io.cucumber.testng.FeatureWrapper)[pri:0, instance:runners.TestRunner@68ad99fe]" started-at="2026-06-01T17:21:04 IST" name="runScenario" description="Runs Cucumber Scenarios" data-provider="scenarios" finished-at="2026-06-01T17:21:07 IST" duration-ms="2475" status="PASS">
          <params>
            <param index="0">
              <value>
                <![CDATA["Retrieve an existing note via API"]]>
              </value>
            </param>
            <param index="1">
              <value>
                <![CDATA["API Notes Management"]]>
              </value>
            </param>
          </params>
          <reporter-output>
          </reporter-output>
        </test-method> <!-- runScenario -->
        <test-method signature="runScenario(io.cucumber.testng.PickleWrapper,io.cucumber.testng.FeatureWrapper)[pri:0, instance:runners.TestRunner@68ad99fe]" started-at="2026-06-01T17:21:07 IST" name="runScenario" description="Runs Cucumber Scenarios" data-provider="scenarios" finished-at="2026-06-01T17:21:09 IST" duration-ms="2284" status="PASS">
          <params>
            <param index="0">
              <value>
                <![CDATA["Delete a note successfully via API"]]>
              </value>
            </param>
            <param index="1">
              <value>
                <![CDATA["API Notes Management"]]>
              </value>
            </param>
          </params>
          <reporter-output>
          </reporter-output>
        </test-method> <!-- runScenario -->
        <test-method signature="runScenario(io.cucumber.testng.PickleWrapper,io.cucumber.testng.FeatureWrapper)[pri:0, instance:runners.TestRunner@68ad99fe]" started-at="2026-06-01T17:21:09 IST" name="runScenario" description="Runs Cucumber Scenarios" data-provider="scenarios" finished-at="2026-06-01T17:21:15 IST" duration-ms="6562" status="PASS">
          <params>
            <param index="0">
              <value>
                <![CDATA["Successful user registration"]]>
              </value>
            </param>
            <param index="1">
              <value>
                <![CDATA["User Registration"]]>
              </value>
            </param>
          </params>
          <reporter-output>
          </reporter-output>
        </test-method> <!-- runScenario -->
        <test-method signature="runScenario(io.cucumber.testng.PickleWrapper,io.cucumber.testng.FeatureWrapper)[pri:0, instance:runners.TestRunner@68ad99fe]" started-at="2026-06-01T17:21:15 IST" name="runScenario" description="Runs Cucumber Scenarios" data-provider="scenarios" finished-at="2026-06-01T17:21:24 IST" duration-ms="8942" status="PASS">
          <params>
            <param index="0">
              <value>
                <![CDATA["Create note via API, verify and delete via UI, confirm deletion via API"]]>
              </value>
            </param>
            <param index="1">
              <value>
                <![CDATA["Comprehensive Hybrid End-to-End Note Lifecycle"]]>
              </value>
            </param>
          </params>
          <reporter-output>
          </reporter-output>
        </test-method> <!-- runScenario -->
        <test-method signature="runScenario(io.cucumber.testng.PickleWrapper,io.cucumber.testng.FeatureWrapper)[pri:0, instance:runners.TestRunner@68ad99fe]" started-at="2026-06-01T17:21:24 IST" name="runScenario" description="Runs Cucumber Scenarios" data-provider="scenarios" finished-at="2026-06-01T17:22:21 IST" duration-ms="56754" status="PASS">
          <params>
            <param index="0">
              <value>
                <![CDATA["Successfully delete user account"]]>
              </value>
            </param>
            <param index="1">
              <value>
                <![CDATA["Delete Account"]]>
              </value>
            </param>
          </params>
          <reporter-output>
          </reporter-output>
        </test-method> <!-- runScenario -->
        <test-method signature="runScenario(io.cucumber.testng.PickleWrapper,io.cucumber.testng.FeatureWrapper)[pri:0, instance:runners.TestRunner@68ad99fe]" started-at="2026-06-01T17:22:21 IST" name="runScenario" description="Runs Cucumber Scenarios" data-provider="scenarios" finished-at="2026-06-01T17:22:28 IST" duration-ms="6558" status="PASS">
          <params>
            <param index="0">
              <value>
                <![CDATA["Successful login with valid credentials"]]>
              </value>
            </param>
            <param index="1">
              <value>
                <![CDATA["User Login"]]>
              </value>
            </param>
          </params>
          <reporter-output>
          </reporter-output>
        </test-method> <!-- runScenario -->
        <test-method signature="runScenario(io.cucumber.testng.PickleWrapper,io.cucumber.testng.FeatureWrapper)[pri:0, instance:runners.TestRunner@68ad99fe]" started-at="2026-06-01T17:22:28 IST" name="runScenario" description="Runs Cucumber Scenarios" data-provider="scenarios" finished-at="2026-06-01T17:22:39 IST" duration-ms="11232" status="PASS">
          <params>
            <param index="0">
              <value>
                <![CDATA["Successfully update phone number and company name"]]>
              </value>
            </param>
            <param index="1">
              <value>
                <![CDATA["Update User Settings"]]>
              </value>
            </param>
          </params>
          <reporter-output>
          </reporter-output>
        </test-method> <!-- runScenario -->
        <test-method is-config="true" signature="tearDownClass()[pri:0, instance:runners.TestRunner@68ad99fe]" started-at="2026-06-01T17:22:39 IST" name="tearDownClass" finished-at="2026-06-01T17:22:39 IST" duration-ms="34" status="PASS">
          <reporter-output>
          </reporter-output>
        </test-method> <!-- tearDownClass -->
      </class> <!-- runners.TestRunner -->
    </test> <!-- Surefire test -->
  </suite> <!-- Surefire suite -->
</testng-results>
