<?xml version="1.0" encoding="UTF-8"?>
<!-- Generated by org.testng.reporters.JUnitReportReporter -->
<testsuite hostname="LAPTOP-ECMPVDQ5" failures="0" tests="13" name="runners.TestRunner" time="133.576" errors="0" timestamp="2026-06-01T17:22:39 IST" skipped="0">
  <testcase classname="runners.TestRunner" name="runScenario" time="4.030"/>
  <testcase classname="runners.TestRunner" name="runScenario" time="2.284"/>
  <testcase classname="runners.TestRunner" name="runScenario" time="13.913"/>
  <testcase classname="runners.TestRunner" name="runScenario" time="2.192"/>
  <testcase classname="runners.TestRunner" name="runScenario" time="6.558"/>
  <testcase classname="runners.TestRunner" name="runScenario" time="8.109"/>
  <testcase classname="runners.TestRunner" name="runScenario" time="2.475"/>
  <testcase classname="runners.TestRunner" name="runScenario" time="8.488"/>
  <testcase classname="runners.TestRunner" name="runScenario" time="8.942"/>
  <testcase classname="runners.TestRunner" name="runScenario" time="11.232"/>
  <testcase classname="runners.TestRunner" name="runScenario" time="6.562"/>
  <testcase classname="runners.TestRunner" name="runScenario" time="56.754"/>
  <testcase classname="runners.TestRunner" name="runScenario" time="2.037"/>
</testsuite> <!-- runners.TestRunner -->
